(---------------------------------------------------------------------)
(                                                                     )
(    Allegro Netrev Import Logic                                      )
(                                                                     )
(    Drawing          : EX1.brd                                       )
(    Software Version : 16.6S034                                      )
(    Date/Time        : Tue Jul 16 21:51:26 2019                      )
(                                                                     )
(---------------------------------------------------------------------)


------ Directives ------------

Ripup etch:                  No
Ripup delete first segment:  No
Ripup retain bondwire:       No
Ripup symbols:               Always
Missing symbol has error:    No
DRC update:                  Yes
Schematic directory:         'C:\USERS\USER\DESKTOP\VSCODE_ORCAD\WORKSPACE\PCB_LIB\EX11\allegro'
Design Directory:            '.'
Old design name:             'EX1.brd'
New design name:             'EX1.brd'

CmdLine: netrev.exe -y 1 -n -i C:\USERS\USER\DESKTOP\VSCODE_ORCAD\WORKSPACE\PCB_LIB\EX11\allegro C:\USERS\USER\DESKTOP\VSCODE_ORCAD\WORKSPACE\PCB_LIB\EX11\allegro\EX1.brd C:\USERS\USER\DESKTOP\VSCODE_ORCAD\WORKSPACE\PCB_LIB\EX11\allegro\EX1.brd

------ Preparing to read pst files ------

Starting to read C:/USERS/USER/DESKTOP/VSCODE_ORCAD/WORKSPACE/PCB_LIB/EX11/allegro/pstchip.dat 
   Finished reading C:/USERS/USER/DESKTOP/VSCODE_ORCAD/WORKSPACE/PCB_LIB/EX11/allegro/pstchip.dat (00:00:00.18)
Starting to read C:/USERS/USER/DESKTOP/VSCODE_ORCAD/WORKSPACE/PCB_LIB/EX11/allegro/pstxprt.dat 
   Finished reading C:/USERS/USER/DESKTOP/VSCODE_ORCAD/WORKSPACE/PCB_LIB/EX11/allegro/pstxprt.dat (00:00:00.00)
Starting to read C:/USERS/USER/DESKTOP/VSCODE_ORCAD/WORKSPACE/PCB_LIB/EX11/allegro/pstxnet.dat 
   Finished reading C:/USERS/USER/DESKTOP/VSCODE_ORCAD/WORKSPACE/PCB_LIB/EX11/allegro/pstxnet.dat (00:00:00.00)

------ Oversights/Warnings/Errors ------


------ Library Paths ------
MODULEPATH =  . 
           c:/Users/user/Desktop/vscode_orcad/workspace/pcb_lib/pcb/modules 

PSMPATH =  . 
           symbols 
           .. 
           ../symbols 
           c:/Users/user/Desktop/vscode_orcad/workspace/pcb_lib/pcb/symbols 
           C:/Users/user/Desktop/vscode_orcad/cdns/cdns/share/pcb/pcb_lib/symbols 
           C:/Users/user/Desktop/vscode_orcad/cdns/cdns/share/pcb/allegrolib/symbols 
           C:/Users/user/Desktop/vscode_orcad/workspace/pcb_lib/psm/ 

PADPATH =  . 
           symbols 
           .. 
           ../symbols 
           c:/Users/user/Desktop/vscode_orcad/workspace/pcb_lib/pcb/padstacks 
           C:/Users/user/Desktop/vscode_orcad/cdns/cdns/share/pcb/pcb_lib/symbols 
           C:/Users/user/Desktop/vscode_orcad/cdns/cdns/share/pcb/allegrolib/symbols 
           C:/Users/user/Desktop/vscode_orcad/workspace/pcb_lib/pad/ 


------ Summary Statistics ------


netrev run on Jul 16 21:51:26 2019
   DESIGN NAME : 'EX1'
   PACKAGING ON Apr 28 2014 16:45:46

   COMPILE 'logic'
   CHECK_PIN_NAMES OFF
   CROSS_REFERENCE OFF
   FEEDBACK OFF
   INCREMENTAL OFF
   INTERFACE_TYPE PHYSICAL
   MAX_ERRORS 500
   MERGE_MINIMUM 5
   NET_NAME_CHARS '#%&()*+-./:=>?@[]^_`|'
   NET_NAME_LENGTH 24
   OVERSIGHTS ON
   REPLACE_CHECK OFF
   SINGLE_NODE_NETS ON
   SPLIT_MINIMUM 0
   SUPPRESS   20
   WARNINGS ON

 No error detected
 No oversight detected
 No warning detected

cpu time      0:01:30
elapsed time  0:00:01

